<?xml version="1.0" encoding="UTF-8"?>
<testsuite name="ua.crowpi.projects.p05.RadarTest" tests="8" skipped="0" failures="0" errors="0" timestamp="2026-03-29T17:40:09" hostname="a0" time="0.04">
  <properties/>
  <testcase name="testDistanceZone_clear()" classname="ua.crowpi.projects.p05.RadarTest" time="0.02"/>
  <testcase name="testDistanceZone_danger()" classname="ua.crowpi.projects.p05.RadarTest" time="0.001"/>
  <testcase name="testRadarDataExporter_jsonContainsScan()" classname="ua.crowpi.projects.p05.RadarTest" time="0.005"/>
  <testcase name="testUltrasonicSensor_distanceFormula()" classname="ua.crowpi.projects.p05.RadarTest" time="0.001"/>
  <testcase name="testServoController_angleZero_dutyCycle()" classname="ua.crowpi.projects.p05.RadarTest" time="0.001"/>
  <testcase name="testDistanceZone_boundary20cm()" classname="ua.crowpi.projects.p05.RadarTest" time="0.001"/>
  <testcase name="testServoController_angle90_dutyCycle()" classname="ua.crowpi.projects.p05.RadarTest" time="0.001"/>
  <testcase name="testDistanceZone_warning()" classname="ua.crowpi.projects.p05.RadarTest" time="0.0"/>
  <system-out><![CDATA[]]></system-out>
  <system-err><![CDATA[]]></system-err>
</testsuite>
