<?xml version="1.0" encoding="UTF-8"?>
<testsuite name="ua.crowpi.projects.p08.RfidTest" tests="8" skipped="0" failures="0" errors="0" timestamp="2026-03-29T17:40:12" hostname="a0" time="1.013">
  <properties/>
  <testcase name="testAccessController_grantedForActiveCard()" classname="ua.crowpi.projects.p08.RfidTest" time="0.773"/>
  <testcase name="testAccessResult_enumValues()" classname="ua.crowpi.projects.p08.RfidTest" time="0.003"/>
  <testcase name="testCardDatabase_unknownCard()" classname="ua.crowpi.projects.p08.RfidTest" time="0.002"/>
  <testcase name="testCardDatabase_caseInsensitiveLookup()" classname="ua.crowpi.projects.p08.RfidTest" time="0.002"/>
  <testcase name="testCardDatabase_knownActiveCard()" classname="ua.crowpi.projects.p08.RfidTest" time="0.001"/>
  <testcase name="testAccessController_deniedForInactiveCard()" classname="ua.crowpi.projects.p08.RfidTest" time="0.01"/>
  <testcase name="testCardDatabase_knownInactiveCard()" classname="ua.crowpi.projects.p08.RfidTest" time="0.001"/>
  <testcase name="testAccessController_unknownCardTriggersBuzzer()" classname="ua.crowpi.projects.p08.RfidTest" time="0.214"/>
  <system-out><![CDATA[[RELAY] Door LOCKED
[RELAY] Door UNLOCKED for 500 ms
[RELAY] Door LOCKED
[RELAY] Door LOCKED
]]></system-out>
  <system-err><![CDATA[]]></system-err>
</testsuite>
