<?xml version="1.0" encoding="UTF-8"?>
<testsuite name="ua.crowpi.projects.p01.ThermometerTest" tests="8" skipped="0" failures="0" errors="0" timestamp="2026-03-29T17:40:05" hostname="a0" time="0.056">
  <properties/>
  <testcase name="testAlertConfig_loadsThreshold()" classname="ua.crowpi.projects.p01.ThermometerTest" time="0.019"/>
  <testcase name="testThermalZone_hot()" classname="ua.crowpi.projects.p01.ThermometerTest" time="0.001"/>
  <testcase name="testLcdLine1_exactlyI16Chars()" classname="ua.crowpi.projects.p01.ThermometerTest" time="0.014"/>
  <testcase name="testThermalZone_comfort()" classname="ua.crowpi.projects.p01.ThermometerTest" time="0.001"/>
  <testcase name="testThermalZone_cold()" classname="ua.crowpi.projects.p01.ThermometerTest" time="0.001"/>
  <testcase name="testTemperatureReading_getters()" classname="ua.crowpi.projects.p01.ThermometerTest" time="0.0"/>
  <testcase name="testLcdLine2_exactly16Chars()" classname="ua.crowpi.projects.p01.ThermometerTest" time="0.012"/>
  <testcase name="testAlertConfig_loadsPollInterval()" classname="ua.crowpi.projects.p01.ThermometerTest" time="0.001"/>
  <system-out><![CDATA[]]></system-out>
  <system-err><![CDATA[]]></system-err>
</testsuite>
