<?xml version="1.0" encoding="UTF-8"?>
<testsuite name="ua.crowpi.projects.p11.LcdGameTest" tests="7" skipped="0" failures="0" errors="0" timestamp="2026-03-29T17:40:15" hostname="a0" time="0.505">
  <properties/>
  <testcase name="testPhysics_gravityApplied()" classname="ua.crowpi.projects.p11.LcdGameTest" time="0.356"/>
  <testcase name="testLcdRenderer_playerAtCorrectPosition()" classname="ua.crowpi.projects.p11.LcdGameTest" time="0.024"/>
  <testcase name="testLeaderBoard_addScore_sortedDescending()" classname="ua.crowpi.projects.p11.LcdGameTest" time="0.11"/>
  <testcase name="testPhysics_playerOnPlatform()" classname="ua.crowpi.projects.p11.LcdGameTest" time="0.002"/>
  <testcase name="testLeaderBoard_addScore_maintainsTop10()" classname="ua.crowpi.projects.p11.LcdGameTest" time="0.004"/>
  <testcase name="testPhysics_jumpSetsYToZero()" classname="ua.crowpi.projects.p11.LcdGameTest" time="0.001"/>
  <testcase name="testLeaderBoard_eleventhScoreDropped()" classname="ua.crowpi.projects.p11.LcdGameTest" time="0.002"/>
  <system-out><![CDATA[]]></system-out>
  <system-err><![CDATA[]]></system-err>
</testsuite>
