<?xml version="1.0" encoding="UTF-8"?>
<testsuite name="ua.crowpi.projects.p10.MeteostationTest" tests="10" skipped="0" failures="0" errors="0" timestamp="2026-03-29T17:40:15" hostname="a0" time="0.045">
  <properties/>
  <testcase name="testRingBuffer_toList_order()" classname="ua.crowpi.projects.p10.MeteostationTest" time="0.019"/>
  <testcase name="testWeatherForecast_fromSlope_stable()" classname="ua.crowpi.projects.p10.MeteostationTest" time="0.001"/>
  <testcase name="testTrendAnalyzer_fallingSlope()" classname="ua.crowpi.projects.p10.MeteostationTest" time="0.001"/>
  <testcase name="testWeatherForecast_fromSlope_improving()" classname="ua.crowpi.projects.p10.MeteostationTest" time="0.0"/>
  <testcase name="testHeatIndex_knownValue()" classname="ua.crowpi.projects.p10.MeteostationTest" time="0.001"/>
  <testcase name="testWeatherForecast_fromSlope_worsening()" classname="ua.crowpi.projects.p10.MeteostationTest" time="0.001"/>
  <testcase name="testTrendAnalyzer_risingSlope()" classname="ua.crowpi.projects.p10.MeteostationTest" time="0.0"/>
  <testcase name="testHtmlReportGenerator_containsTitle()" classname="ua.crowpi.projects.p10.MeteostationTest" time="0.01"/>
  <testcase name="testRingBuffer_overflow()" classname="ua.crowpi.projects.p10.MeteostationTest" time="0.001"/>
  <testcase name="testTrendAnalyzer_flatSlope()" classname="ua.crowpi.projects.p10.MeteostationTest" time="0.001"/>
  <system-out><![CDATA[]]></system-out>
  <system-err><![CDATA[]]></system-err>
</testsuite>
