<?xml version="1.0" encoding="UTF-8"?>
<testsuite name="ua.crowpi.projects.p04.AlarmTest" tests="9" skipped="0" failures="0" errors="0" timestamp="2026-03-29T17:40:07" hostname="a0" time="1.306">
  <properties/>
  <testcase name="testFsmInvalidTransition_doesNotChange()" classname="ua.crowpi.projects.p04.AlarmTest" time="0.418"/>
  <testcase name="testPinValidator_wrongPin()" classname="ua.crowpi.projects.p04.AlarmTest" time="0.003"/>
  <testcase name="testPinValidator_correctPin()" classname="ua.crowpi.projects.p04.AlarmTest" time="0.005"/>
  <testcase name="testFsmTransition_triggeredToDisarmed()" classname="ua.crowpi.projects.p04.AlarmTest" time="0.001"/>
  <testcase name="testFsmTransition_armedToTriggered()" classname="ua.crowpi.projects.p04.AlarmTest" time="0.001"/>
  <testcase name="testFsmTransition_disarmedToArmed()" classname="ua.crowpi.projects.p04.AlarmTest" time="0.001"/>
  <testcase name="testPinValidator_lockoutAfterThreeAttempts()" classname="ua.crowpi.projects.p04.AlarmTest" time="0.003"/>
  <testcase name="testAlarmProject_pirTriggerCallsFsmTransition()" classname="ua.crowpi.projects.p04.AlarmTest" time="0.86"/>
  <testcase name="testPinValidator_sha256Hash()" classname="ua.crowpi.projects.p04.AlarmTest" time="0.002"/>
  <system-out><![CDATA[[MOCK SPI] TX → 0F 00
[MOCK SPI] RX ← 00 00
[MOCK SPI] TX → 0B 07
[MOCK SPI] RX ← 00 00
[MOCK SPI] TX → 09 00
[MOCK SPI] RX ← 00 00
[MOCK SPI] TX → 0A 04
[MOCK SPI] RX ← 00 00
[MOCK SPI] TX → 0C 01
[MOCK SPI] RX ← 00 00
[MOCK SPI] TX → 01 00
[MOCK SPI] RX ← 00 00
[MOCK SPI] TX → 02 00
[MOCK SPI] RX ← 00 00
[MOCK SPI] TX → 03 00
[MOCK SPI] RX ← 00 00
[MOCK SPI] TX → 04 00
[MOCK SPI] RX ← 00 00
[MOCK SPI] TX → 05 00
[MOCK SPI] RX ← 00 00
[MOCK SPI] TX → 06 00
[MOCK SPI] RX ← 00 00
[MOCK SPI] TX → 07 00
[MOCK SPI] RX ← 00 00
[MOCK SPI] TX → 08 00
[MOCK SPI] RX ← 00 00
[MOCK SPI] TX → 01 00
[MOCK SPI] RX ← 00 00
[MOCK SPI] TX → 02 00
[MOCK SPI] RX ← 00 00
[MOCK SPI] TX → 03 00
[MOCK SPI] RX ← 00 00
[MOCK SPI] TX → 04 00
[MOCK SPI] RX ← 00 00
[MOCK SPI] TX → 05 00
[MOCK SPI] RX ← 00 00
[MOCK SPI] TX → 06 00
[MOCK SPI] RX ← 00 00
[MOCK SPI] TX → 07 00
[MOCK SPI] RX ← 00 00
[MOCK SPI] TX → 08 00
[MOCK SPI] RX ← 00 00
[MOCK SPI] TX → 01 01
[MOCK SPI] RX ← 00 00
[MOCK SPI] TX → 02 01
[MOCK SPI] RX ← 00 00
[MOCK SPI] TX → 03 01
[MOCK SPI] RX ← 00 00
[MOCK SPI] TX → 04 01
[MOCK SPI] RX ← 00 00
[MOCK SPI] TX → 05 01
[MOCK SPI] RX ← 00 00
[MOCK SPI] TX → 06 01
[MOCK SPI] RX ← 00 00
[MOCK SPI] TX → 07 01
[MOCK SPI] RX ← 00 00
[MOCK SPI] TX → 08 00
[MOCK SPI] RX ← 00 00
[MOCK SPI] TX → 01 03
[MOCK SPI] RX ← 00 00
[MOCK SPI] TX → 02 02
[MOCK SPI] RX ← 00 00
[MOCK SPI] TX → 03 02
[MOCK SPI] RX ← 00 00
[MOCK SPI] TX → 04 03
[MOCK SPI] RX ← 00 00
[MOCK SPI] TX → 05 02
[MOCK SPI] RX ← 00 00
[MOCK SPI] TX → 06 02
[MOCK SPI] RX ← 00 00
[MOCK SPI] TX → 07 02
[MOCK SPI] RX ← 00 00
[MOCK SPI] TX → 08 00
[MOCK SPI] RX ← 00 00
[MOCK SPI] TX → 01 07
[MOCK SPI] RX ← 00 00
[MOCK SPI] TX → 02 04
[MOCK SPI] RX ← 00 00
[MOCK SPI] TX → 03 04
[MOCK SPI] RX ← 00 00
[MOCK SPI] TX → 04 07
[MOCK SPI] RX ← 00 00
[MOCK SPI] TX → 05 04
[MOCK SPI] RX ← 00 00
[MOCK SPI] TX → 06 04
[MOCK SPI] RX ← 00 00
[MOCK SPI] TX → 07 04
[MOCK SPI] RX ← 00 00
[MOCK SPI] TX → 08 00
[MOCK SPI] RX ← 00 00
[MOCK SPI] TX → 01 0F
[MOCK SPI] RX ← 00 00
[MOCK SPI] TX → 02 08
[MOCK SPI] RX ← 00 00
[MOCK SPI] TX → 03 08
[MOCK SPI] RX ← 00 00
[MOCK SPI] TX → 04 0F
[MOCK SPI] RX ← 00 00
[MOCK SPI] TX → 05 08
[MOCK SPI] RX ← 00 00
[MOCK SPI] TX → 06 08
[MOCK SPI] RX ← 00 00
[MOCK SPI] TX → 07 08
[MOCK SPI] RX ← 00 00
[MOCK SPI] TX → 08 00
[MOCK SPI] RX ← 00 00
[MOCK SPI] TX → 01 1F
[MOCK SPI] RX ← 00 00
[MOCK SPI] TX → 02 10
[MOCK SPI] RX ← 00 00
[MOCK SPI] TX → 03 10
[MOCK SPI] RX ← 00 00
[MOCK SPI] TX → 04 1E
[MOCK SPI] RX ← 00 00
[MOCK SPI] TX → 05 10
[MOCK SPI] RX ← 00 00
[MOCK SPI] TX → 06 10
[MOCK SPI] RX ← 00 00
[MOCK SPI] TX → 07 10
[MOCK SPI] RX ← 00 00
[MOCK SPI] TX → 08 00
[MOCK SPI] RX ← 00 00
[MOCK SPI] TX → 01 3E
[MOCK SPI] RX ← 00 00
[MOCK SPI] TX → 02 20
[MOCK SPI] RX ← 00 00
[MOCK SPI] TX → 03 20
[MOCK SPI] RX ← 00 00
[MOCK SPI] TX → 04 3C
[MOCK SPI] RX ← 00 00
[MOCK SPI] TX → 05 20
[MOCK SPI] RX ← 00 00
[MOCK SPI] TX → 06 20
[MOCK SPI] RX ← 00 00
[MOCK SPI] TX → 07 20
[MOCK SPI] RX ← 00 00
[MOCK SPI] TX → 08 00
[MOCK SPI] RX ← 00 00
[MOCK SPI] TX → 01 7D
[MOCK SPI] RX ← 00 00
[MOCK SPI] TX → 02 40
[MOCK SPI] RX ← 00 00
[MOCK SPI] TX → 03 40
[MOCK SPI] RX ← 00 00
[MOCK SPI] TX → 04 78
[MOCK SPI] RX ← 00 00
[MOCK SPI] TX → 05 40
[MOCK SPI] RX ← 00 00
[MOCK SPI] TX → 06 40
[MOCK SPI] RX ← 00 00
[MOCK SPI] TX → 07 40
[MOCK SPI] RX ← 00 00
[MOCK SPI] TX → 08 00
[MOCK SPI] RX ← 00 00
[MOCK SPI] TX → 01 00
[MOCK SPI] RX ← 00 00
[MOCK SPI] TX → 02 00
[MOCK SPI] RX ← 00 00
[MOCK SPI] TX → 03 00
[MOCK SPI] RX ← 00 00
[MOCK SPI] TX → 04 00
[MOCK SPI] RX ← 00 00
[MOCK SPI] TX → 05 00
[MOCK SPI] RX ← 00 00
[MOCK SPI] TX → 06 00
[MOCK SPI] RX ← 00 00
[MOCK SPI] TX → 07 00
[MOCK SPI] RX ← 00 00
[MOCK SPI] TX → 08 00
[MOCK SPI] RX ← 00 00
[MOCK SPI] TX → 01 00
[MOCK SPI] RX ← 00 00
[MOCK SPI] TX → 02 00
[MOCK SPI] RX ← 00 00
[MOCK SPI] TX → 03 00
[MOCK SPI] RX ← 00 00
[MOCK SPI] TX → 04 00
[MOCK SPI] RX ← 00 00
[MOCK SPI] TX → 05 00
[MOCK SPI] RX ← 00 00
[MOCK SPI] TX → 06 00
[MOCK SPI] RX ← 00 00
[MOCK SPI] TX → 07 00
[MOCK SPI] RX ← 00 00
[MOCK SPI] TX → 08 00
[MOCK SPI] RX ← 00 00
[MOCK SPI] TX → 0C 00
[MOCK SPI] RX ← 00 00
[MOCK SPI] closed
]]></system-out>
  <system-err><![CDATA[]]></system-err>
</testsuite>
