<?xml version="1.0" encoding="UTF-8"?>
<testsuite name="ua.crowpi.projects.p03.MusicBoxTest" tests="17" skipped="0" failures="0" errors="0" timestamp="2026-03-29T17:40:06" hostname="a0" time="0.287">
  <properties/>
  <testcase name="testMax7219Matrix_setFrame_noException()" classname="ua.crowpi.projects.p03.MusicBoxTest" time="0.023"/>
  <testcase name="testNote_validFrequency()" classname="ua.crowpi.projects.p03.MusicBoxTest" time="0.018"/>
  <testcase name="testNecReceiver_integrateWithIrCodeDecoder_button5()" classname="ua.crowpi.projects.p03.MusicBoxTest" time="0.002"/>
  <testcase name="testLcdProgressRenderer_full()" classname="ua.crowpi.projects.p03.MusicBoxTest" time="0.002"/>
  <testcase name="testLcdProgressRenderer_half()" classname="ua.crowpi.projects.p03.MusicBoxTest" time="0.001"/>
  <testcase name="testLcdProgressRenderer_zero()" classname="ua.crowpi.projects.p03.MusicBoxTest" time="0.001"/>
  <testcase name="testMelodyLibrary_hasNineMelodies()" classname="ua.crowpi.projects.p03.MusicBoxTest" time="0.003"/>
  <testcase name="testIrCodeDecoder_knownCodes()" classname="ua.crowpi.projects.p03.MusicBoxTest" time="0.001"/>
  <testcase name="testMatrixScroller_startStop()" classname="ua.crowpi.projects.p03.MusicBoxTest" time="0.145"/>
  <testcase name="testIrCodeDecoder_unknownCode()" classname="ua.crowpi.projects.p03.MusicBoxTest" time="0.003"/>
  <testcase name="testNecReceiver_shortLeaderMark_ignored()" classname="ua.crowpi.projects.p03.MusicBoxTest" time="0.003"/>
  <testcase name="testMatrixScroller_pixelBufferLength()" classname="ua.crowpi.projects.p03.MusicBoxTest" time="0.003"/>
  <testcase name="testMatrixScroller_leadingBlanksAreZero()" classname="ua.crowpi.projects.p03.MusicBoxTest" time="0.016"/>
  <testcase name="testMax7219Matrix_setFrame_wrongSize_throws()" classname="ua.crowpi.projects.p03.MusicBoxTest" time="0.016"/>
  <testcase name="testNecReceiver_twoFrames_bothDecoded()" classname="ua.crowpi.projects.p03.MusicBoxTest" time="0.002"/>
  <testcase name="testNecReceiver_validFrame_decodedCorrectly()" classname="ua.crowpi.projects.p03.MusicBoxTest" time="0.002"/>
  <testcase name="testMelody_totalDuration_positive()" classname="ua.crowpi.projects.p03.MusicBoxTest" time="0.013"/>
  <system-out><![CDATA[[MOCK SPI] TX → 0F 00
[MOCK SPI] RX ← 00 00
[MOCK SPI] TX → 0B 07
[MOCK SPI] RX ← 00 00
[MOCK SPI] TX → 09 00
[MOCK SPI] RX ← 00 00
[MOCK SPI] TX → 0A 04
[MOCK SPI] RX ← 00 00
[MOCK SPI] TX → 0C 01
[MOCK SPI] RX ← 00 00
[MOCK SPI] TX → 01 00
[MOCK SPI] RX ← 00 00
[MOCK SPI] TX → 02 00
[MOCK SPI] RX ← 00 00
[MOCK SPI] TX → 03 00
[MOCK SPI] RX ← 00 00
[MOCK SPI] TX → 04 00
[MOCK SPI] RX ← 00 00
[MOCK SPI] TX → 05 00
[MOCK SPI] RX ← 00 00
[MOCK SPI] TX → 06 00
[MOCK SPI] RX ← 00 00
[MOCK SPI] TX → 07 00
[MOCK SPI] RX ← 00 00
[MOCK SPI] TX → 08 00
[MOCK SPI] RX ← 00 00
[MOCK SPI] TX → 01 00
[MOCK SPI] RX ← 00 00
[MOCK SPI] TX → 02 00
[MOCK SPI] RX ← 00 00
[MOCK SPI] TX → 03 00
[MOCK SPI] RX ← 00 00
[MOCK SPI] TX → 04 00
[MOCK SPI] RX ← 00 00
[MOCK SPI] TX → 05 00
[MOCK SPI] RX ← 00 00
[MOCK SPI] TX → 06 00
[MOCK SPI] RX ← 00 00
[MOCK SPI] TX → 07 00
[MOCK SPI] RX ← 00 00
[MOCK SPI] TX → 08 00
[MOCK SPI] RX ← 00 00
[MOCK SPI] TX → 0F 00
[MOCK SPI] RX ← 00 00
[MOCK SPI] TX → 0B 07
[MOCK SPI] RX ← 00 00
[MOCK SPI] TX → 09 00
[MOCK SPI] RX ← 00 00
[MOCK SPI] TX → 0A 04
[MOCK SPI] RX ← 00 00
[MOCK SPI] TX → 0C 01
[MOCK SPI] RX ← 00 00
[MOCK SPI] TX → 01 00
[MOCK SPI] RX ← 00 00
[MOCK SPI] TX → 02 00
[MOCK SPI] RX ← 00 00
[MOCK SPI] TX → 03 00
[MOCK SPI] RX ← 00 00
[MOCK SPI] TX → 04 00
[MOCK SPI] RX ← 00 00
[MOCK SPI] TX → 05 00
[MOCK SPI] RX ← 00 00
[MOCK SPI] TX → 06 00
[MOCK SPI] RX ← 00 00
[MOCK SPI] TX → 07 00
[MOCK SPI] RX ← 00 00
[MOCK SPI] TX → 08 00
[MOCK SPI] RX ← 00 00
[MOCK SPI] TX → 01 00
[MOCK SPI] RX ← 00 00
[MOCK SPI] TX → 02 00
[MOCK SPI] RX ← 00 00
[MOCK SPI] TX → 03 00
[MOCK SPI] RX ← 00 00
[MOCK SPI] TX → 04 00
[MOCK SPI] RX ← 00 00
[MOCK SPI] TX → 05 00
[MOCK SPI] RX ← 00 00
[MOCK SPI] TX → 06 00
[MOCK SPI] RX ← 00 00
[MOCK SPI] TX → 07 00
[MOCK SPI] RX ← 00 00
[MOCK SPI] TX → 08 00
[MOCK SPI] RX ← 00 00
[MOCK SPI] TX → 01 01
[MOCK SPI] RX ← 00 00
[MOCK SPI] TX → 02 01
[MOCK SPI] RX ← 00 00
[MOCK SPI] TX → 03 01
[MOCK SPI] RX ← 00 00
[MOCK SPI] TX → 04 01
[MOCK SPI] RX ← 00 00
[MOCK SPI] TX → 05 01
[MOCK SPI] RX ← 00 00
[MOCK SPI] TX → 06 01
[MOCK SPI] RX ← 00 00
[MOCK SPI] TX → 07 01
[MOCK SPI] RX ← 00 00
[MOCK SPI] TX → 08 00
[MOCK SPI] RX ← 00 00
[MOCK SPI] TX → 01 00
[MOCK SPI] RX ← 00 00
[MOCK SPI] TX → 02 00
[MOCK SPI] RX ← 00 00
[MOCK SPI] TX → 03 00
[MOCK SPI] RX ← 00 00
[MOCK SPI] TX → 04 00
[MOCK SPI] RX ← 00 00
[MOCK SPI] TX → 05 00
[MOCK SPI] RX ← 00 00
[MOCK SPI] TX → 06 00
[MOCK SPI] RX ← 00 00
[MOCK SPI] TX → 07 00
[MOCK SPI] RX ← 00 00
[MOCK SPI] TX → 08 00
[MOCK SPI] RX ← 00 00
[MOCK SPI] TX → 0F 00
[MOCK SPI] RX ← 00 00
[MOCK SPI] TX → 0B 07
[MOCK SPI] RX ← 00 00
[MOCK SPI] TX → 09 00
[MOCK SPI] RX ← 00 00
[MOCK SPI] TX → 0A 04
[MOCK SPI] RX ← 00 00
[MOCK SPI] TX → 0C 01
[MOCK SPI] RX ← 00 00
[MOCK SPI] TX → 01 00
[MOCK SPI] RX ← 00 00
[MOCK SPI] TX → 02 00
[MOCK SPI] RX ← 00 00
[MOCK SPI] TX → 03 00
[MOCK SPI] RX ← 00 00
[MOCK SPI] TX → 04 00
[MOCK SPI] RX ← 00 00
[MOCK SPI] TX → 05 00
[MOCK SPI] RX ← 00 00
[MOCK SPI] TX → 06 00
[MOCK SPI] RX ← 00 00
[MOCK SPI] TX → 07 00
[MOCK SPI] RX ← 00 00
[MOCK SPI] TX → 08 00
[MOCK SPI] RX ← 00 00
]]></system-out>
  <system-err><![CDATA[]]></system-err>
</testsuite>
